0 info it worked if it ends with ok
1 verbose cli [ '/usr/bin/node', '/usr/bin/npm', 'install', '-g', 'nodemod' ]
2 info using npm@2.15.11
3 info using node@v4.8.7
4 verbose install initial load of /usr/lib/package.json
5 verbose readDependencies loading dependencies from /usr/lib/package.json
6 silly cache add args [ 'nodemod', null ]
7 verbose cache add spec nodemod
8 silly cache add parsed spec Result {
8 silly cache add   raw: 'nodemod',
8 silly cache add   scope: null,
8 silly cache add   name: 'nodemod',
8 silly cache add   rawSpec: '',
8 silly cache add   spec: 'latest',
8 silly cache add   type: 'tag' }
9 silly addNamed nodemod@latest
10 verbose addNamed "latest" is being treated as a dist-tag for nodemod
11 info addNameTag [ 'nodemod', 'latest' ]
12 silly mapToRegistry name nodemod
13 silly mapToRegistry using default registry
14 silly mapToRegistry registry https://registry.npmjs.org/
15 silly mapToRegistry data Result {
15 silly mapToRegistry   raw: 'nodemod',
15 silly mapToRegistry   scope: null,
15 silly mapToRegistry   name: 'nodemod',
15 silly mapToRegistry   rawSpec: '',
15 silly mapToRegistry   spec: 'latest',
15 silly mapToRegistry   type: 'tag' }
16 silly mapToRegistry uri https://registry.npmjs.org/nodemod
17 verbose addNameTag registry:https://registry.npmjs.org/nodemod not in flight; fetching
18 verbose request uri https://registry.npmjs.org/nodemod
19 verbose request no auth needed
20 info attempt registry request try #1 at 5:30:26 PM
21 verbose request id 6ca104d9780d3b2a
22 http request GET https://registry.npmjs.org/nodemod
23 http 200 https://registry.npmjs.org/nodemod
24 verbose headers { 'content-type': 'application/json; charset=UTF-8',
24 verbose headers   server: 'UploadServer',
24 verbose headers   'cache-control': 'max-age=300',
24 verbose headers   'last-modified': 'Thu, 19 Oct 2017 2:55:03 GMT',
24 verbose headers   etag: '"59e81407-56a9"',
24 verbose headers   'x-npm-region': 'EU-West',
24 verbose headers   'content-encoding': 'gzip',
24 verbose headers   'content-length': '2756',
24 verbose headers   'accept-ranges': 'bytes',
24 verbose headers   date: 'Thu, 10 May 2018 17:30:27 GMT',
24 verbose headers   via: '1.1 varnish',
24 verbose headers   age: '0',
24 verbose headers   connection: 'keep-alive',
24 verbose headers   'x-served-by': 'cache-lcy19248-LCY',
24 verbose headers   'x-cache': 'MISS',
24 verbose headers   'x-cache-hits': '0',
24 verbose headers   'x-timer': 'S1525973427.135778,VS0,VE203',
24 verbose headers   vary: 'Accept-Encoding, Accept' }
25 silly get cb [ 200,
25 silly get   { 'content-type': 'application/json; charset=UTF-8',
25 silly get     server: 'UploadServer',
25 silly get     'cache-control': 'max-age=300',
25 silly get     'last-modified': 'Thu, 19 Oct 2017 2:55:03 GMT',
25 silly get     etag: '"59e81407-56a9"',
25 silly get     'x-npm-region': 'EU-West',
25 silly get     'content-encoding': 'gzip',
25 silly get     'content-length': '2756',
25 silly get     'accept-ranges': 'bytes',
25 silly get     date: 'Thu, 10 May 2018 17:30:27 GMT',
25 silly get     via: '1.1 varnish',
25 silly get     age: '0',
25 silly get     connection: 'keep-alive',
25 silly get     'x-served-by': 'cache-lcy19248-LCY',
25 silly get     'x-cache': 'MISS',
25 silly get     'x-cache-hits': '0',
25 silly get     'x-timer': 'S1525973427.135778,VS0,VE203',
25 silly get     vary: 'Accept-Encoding, Accept' } ]
26 verbose get saving nodemod to /home/pi/.npm/registry.npmjs.org/nodemod/.cache.json
27 verbose correctMkdir /home/pi/.npm correctMkdir not in flight; initializing
28 silly addNameTag next cb for nodemod with tag latest
29 silly addNamed nodemod@1.5.19
30 verbose addNamed "1.5.19" is a plain semver version for nodemod
31 silly mapToRegistry name nodemod
32 silly mapToRegistry using default registry
33 silly mapToRegistry registry https://registry.npmjs.org/
34 silly mapToRegistry data Result {
34 silly mapToRegistry   raw: 'nodemod',
34 silly mapToRegistry   scope: null,
34 silly mapToRegistry   name: 'nodemod',
34 silly mapToRegistry   rawSpec: '',
34 silly mapToRegistry   spec: 'latest',
34 silly mapToRegistry   type: 'tag' }
35 silly mapToRegistry uri https://registry.npmjs.org/nodemod
36 verbose addRemoteTarball https://registry.npmjs.org/nodemod/-/nodemod-1.5.19.tgz not in flight; adding
37 verbose addRemoteTarball [ 'https://registry.npmjs.org/nodemod/-/nodemod-1.5.19.tgz',
37 verbose addRemoteTarball   'eb9a1866bb7250ea3f804e7715661aa7559800e1' ]
38 info retry fetch attempt 1 at 5:30:27 PM
39 info attempt registry request try #1 at 5:30:27 PM
40 http fetch GET https://registry.npmjs.org/nodemod/-/nodemod-1.5.19.tgz
41 http fetch 200 https://registry.npmjs.org/nodemod/-/nodemod-1.5.19.tgz
42 silly fetchAndShaCheck shasum eb9a1866bb7250ea3f804e7715661aa7559800e1
43 verbose addTmpTarball /tmp/npm-2963-1baccfa9/registry.npmjs.org/nodemod/-/nodemod-1.5.19.tgz not in flight; adding
44 verbose addTmpTarball already have metadata; skipping unpack for nodemod@1.5.19
45 verbose correctMkdir /home/pi/.npm correctMkdir not in flight; initializing
46 silly cache afterAdd nodemod@1.5.19
47 verbose afterAdd /home/pi/.npm/nodemod/1.5.19/package/package.json not in flight; writing
48 verbose correctMkdir /home/pi/.npm correctMkdir not in flight; initializing
49 verbose afterAdd /home/pi/.npm/nodemod/1.5.19/package/package.json written
50 silly install resolved [ { name: 'nodemod',
50 silly install resolved     version: '1.5.19',
50 silly install resolved     description: '',
50 silly install resolved     main: 'index.js',
50 silly install resolved     scripts: { test: 'echo "Error: no test specified" && exit 1' },
50 silly install resolved     keywords: [],
50 silly install resolved     author: { name: 'victorChung' },
50 silly install resolved     license: 'ISC',
50 silly install resolved     _id: 'nodemod@1.5.19',
50 silly install resolved     _shasum: 'eb9a1866bb7250ea3f804e7715661aa7559800e1',
50 silly install resolved     _from: 'nodemod@latest',
50 silly install resolved     _npmVersion: '4.1.1',
50 silly install resolved     _nodeVersion: '7.4.0',
50 silly install resolved     _npmUser: { name: 'victorchung', email: '371008492@qq.com' },
50 silly install resolved     dist:
50 silly install resolved      { shasum: 'eb9a1866bb7250ea3f804e7715661aa7559800e1',
50 silly install resolved        tarball: 'https://registry.npmjs.org/nodemod/-/nodemod-1.5.19.tgz' },
50 silly install resolved     maintainers: [ [Object] ],
50 silly install resolved     _npmOperationalInternal:
50 silly install resolved      { host: 's3://npm-registry-packages',
50 silly install resolved        tmp: 'tmp/nodemod-1.5.19.tgz_1508381703727_0.798987400252372' },
50 silly install resolved     directories: {},
50 silly install resolved     _resolved: 'https://registry.npmjs.org/nodemod/-/nodemod-1.5.19.tgz' } ]
51 info install nodemod@1.5.19 into /usr/lib
52 info installOne nodemod@1.5.19
53 verbose installOne of nodemod to /usr/lib not in flight; installing
54 verbose correctMkdir /home/pi/.npm/_locks correctMkdir not in flight; initializing
55 verbose lock using /home/pi/.npm/_locks/nodemod-744d3d8ff4598949.lock for /usr/lib/node_modules/nodemod
56 silly install write writing nodemod 1.5.19 to /usr/lib/node_modules/nodemod
57 verbose unbuild lib/node_modules/nodemod
58 silly gentlyRm /usr/lib/node_modules/nodemod is being purged from base /usr
59 verbose gentlyRm don't care about contents; nuking /usr/lib/node_modules/nodemod
60 verbose tar unpack /home/pi/.npm/nodemod/1.5.19/package.tgz
61 verbose tar unpacking to /usr/lib/node_modules/nodemod
62 silly gentlyRm /usr/lib/node_modules/nodemod is being purged
63 verbose gentlyRm don't care about contents; nuking /usr/lib/node_modules/nodemod
64 silly gunzTarPerm modes [ '755', '644' ]
65 error tar.unpack untar error /home/pi/.npm/nodemod/1.5.19/package.tgz
66 verbose unlock done using /home/pi/.npm/_locks/nodemod-744d3d8ff4598949.lock for /usr/lib/node_modules/nodemod
67 verbose fstream_path /usr/lib/node_modules/nodemod
68 verbose fstream_type Directory
69 verbose fstream_class DirWriter
70 verbose stack Error: EACCES: permission denied, mkdir '/usr/lib/node_modules/nodemod'
70 verbose stack     at Error (native)
71 verbose fstream_stack /usr/lib/node_modules/npm/node_modules/fstream/lib/dir-writer.js:35:25
71 verbose fstream_stack /usr/lib/node_modules/npm/node_modules/mkdirp/index.js:47:53
71 verbose fstream_stack FSReqWrap.oncomplete (fs.js:82:15)
72 verbose cwd /home/pi/Smart_Sense_Project/bookstore-master
73 error Linux 4.9.59-v7+
74 error argv "/usr/bin/node" "/usr/bin/npm" "install" "-g" "nodemod"
75 error node v4.8.7
76 error npm  v2.15.11
77 error path /usr/lib/node_modules/nodemod
78 error code EACCES
79 error errno -13
80 error syscall mkdir
81 error Error: EACCES: permission denied, mkdir '/usr/lib/node_modules/nodemod'
81 error     at Error (native)
81 error  { [Error: EACCES: permission denied, mkdir '/usr/lib/node_modules/nodemod']
81 error   errno: -13,
81 error   code: 'EACCES',
81 error   syscall: 'mkdir',
81 error   path: '/usr/lib/node_modules/nodemod',
81 error   fstream_type: 'Directory',
81 error   fstream_path: '/usr/lib/node_modules/nodemod',
81 error   fstream_class: 'DirWriter',
81 error   fstream_stack:
81 error    [ '/usr/lib/node_modules/npm/node_modules/fstream/lib/dir-writer.js:35:25',
81 error      '/usr/lib/node_modules/npm/node_modules/mkdirp/index.js:47:53',
81 error      'FSReqWrap.oncomplete (fs.js:82:15)' ] }
82 error Please try running this command again as root/Administrator.
83 verbose exit [ -13, true ]
84 verbose unbuild lib/node_modules/nodemod
85 silly gentlyRm /usr/lib/node_modules/nodemod is being purged from base /usr
86 verbose gentlyRm don't care about contents; nuking /usr/lib/node_modules/nodemod
